<?xml version="1.0" encoding="UTF-8"?>
<TestRun id="c59c2f4e-ab9e-4da7-93fc-bacc1374a782" name="Administrator@GAVIN-PC 2012-03-09 11:26:02" runUser="GAVIN-PC\Administrator" xmlns="http://microsoft.com/schemas/VisualStudio/TeamTest/2010">
  <TestSettings name="本地" id="715ea75e-9d9c-4961-830e-9707a848cdd5">
    <Description>这些设置为本地测试运行的默认测试设置。</Description>
    <Deployment userDeploymentRoot="E:\Projects\Architecture\Framework\GenericSamples\TestResults" useDefaultDeploymentRoot="false" enabled="false" runDeploymentRoot="Administrator_GAVIN-PC 2012-03-09 11_26_02">
      <DeploymentItem filename="E:\Projects\Architecture\Framework\GenericSamples\GenericLib\bin\Debug\GenericLib.dll" />
    </Deployment>
    <Execution>
      <TestTypeSpecific />
      <AgentRule name="Execution Agents">
      </AgentRule>
    </Execution>
  </TestSettings>
  <Times creation="2012-03-09T11:26:02.7375000+08:00" queuing="2012-03-09T11:26:02.7531250+08:00" start="2012-03-09T11:26:02.7531250+08:00" finish="2012-03-09T11:26:04.0343750+08:00" />
  <ResultSummary outcome="Failed">
    <Counters total="1" executed="1" error="0" failed="1" timeout="0" aborted="0" inconclusive="0" passedButRunAborted="0" notRunnable="0" notExecuted="0" disconnected="0" warning="0" passed="0" completed="0" inProgress="0" pending="0" />
  </ResultSummary>
  <TestDefinitions>
    <UnitTest name="GerericAdvantageTest" storage="e:\projects\architecture\framework\genericsamples\genericsamples\bin\debug\genericsamples.dll" id="bf81e825-f8e5-f251-29ef-5576d78d6ea4">
      <Execution id="bd28f924-6c34-4e78-ad6f-d26a45d7b419" />
      <TestMethod codeBase="E:/Projects/Architecture/Framework/GenericSamples/GenericSamples/bin/Debug/GenericSamples.DLL" adapterTypeName="Microsoft.VisualStudio.TestTools.TestTypes.Unit.UnitTestAdapter, Microsoft.VisualStudio.QualityTools.Tips.UnitTest.Adapter, Version=10.0.0.0, Culture=neutral, PublicKeyToken=b03f5f7f11d50a3a" className="GenericSamples.UnitTest1, GenericSamples, Version=1.0.0.0, Culture=neutral, PublicKeyToken=null" name="GerericAdvantageTest" />
    </UnitTest>
  </TestDefinitions>
  <TestLists>
    <TestList name="列表中未列出的结果" id="8c84fa94-04c1-424b-9868-57a2d4851a1d" />
    <TestList name="所有已加载的结果" id="19431567-8539-422a-85d7-44ee4e166bda" />
  </TestLists>
  <TestEntries>
    <TestEntry testId="bf81e825-f8e5-f251-29ef-5576d78d6ea4" executionId="bd28f924-6c34-4e78-ad6f-d26a45d7b419" testListId="8c84fa94-04c1-424b-9868-57a2d4851a1d" />
  </TestEntries>
  <Results>
    <UnitTestResult executionId="bd28f924-6c34-4e78-ad6f-d26a45d7b419" testId="bf81e825-f8e5-f251-29ef-5576d78d6ea4" testName="GerericAdvantageTest" computerName="GAVIN-PC" duration="00:00:01.0973133" startTime="2012-03-09T11:26:02.7531250+08:00" endTime="2012-03-09T11:26:04.0031250+08:00" testType="13cdc9d9-ddb5-4fa4-a97d-d965ccfc6d4b" outcome="Failed" testListId="8c84fa94-04c1-424b-9868-57a2d4851a1d" relativeResultsDirectory="bd28f924-6c34-4e78-ad6f-d26a45d7b419">
      <Output>
        <StdOut>.95 秒 (GCs=  8) List&lt;Int32&gt;</StdOut>
        <ErrorInfo>
          <Message>测试方法 GenericSamples.UnitTest1.GerericAdvantageTest 引发了异常: 
System.OutOfMemoryException: 引发类型为“System.OutOfMemoryException”的异常。</Message>
          <StackTrace>    在 System.Collections.Generic.List`1.set_Capacity(Int32 value)
   在 System.Collections.Generic.List`1.EnsureCapacity(Int32 min)
   在 System.Collections.Generic.List`1.Add(T item)
   在 GenericLib.GenericAdvantage.ValueTypePerfTest() 位置 E:\Projects\Architecture\Framework\GenericSamples\GenericLib\GenericAdvantage.cs:行号 53
   在 GenericSamples.UnitTest1.GerericAdvantageTest() 位置 E:\Projects\Architecture\Framework\GenericSamples\GenericSamples\UnitTest1.cs:行号 67
</StackTrace>
        </ErrorInfo>
      </Output>
    </UnitTestResult>
  </Results>
</TestRun>