<?xml version="1.0" encoding="UTF-8"?>
<TestRun id="b4dc5dd8-521d-47d7-8821-494621c7000f" name="Administrator@GAVIN-PC 2012-03-09 11:46:50" runUser="GAVIN-PC\Administrator" xmlns="http://microsoft.com/schemas/VisualStudio/TeamTest/2010">
  <TestSettings name="本地" id="715ea75e-9d9c-4961-830e-9707a848cdd5">
    <Description>这些设置为本地测试运行的默认测试设置。</Description>
    <Deployment userDeploymentRoot="E:\Projects\Architecture\Framework\GenericSamples\TestResults" useDefaultDeploymentRoot="false" enabled="false" runDeploymentRoot="Administrator_GAVIN-PC 2012-03-09 11_46_50">
      <DeploymentItem filename="E:\Projects\Architecture\Framework\GenericSamples\GenericLib\bin\Debug\GenericLib.dll" />
    </Deployment>
    <Execution>
      <TestTypeSpecific />
      <AgentRule name="Execution Agents">
      </AgentRule>
    </Execution>
  </TestSettings>
  <Times creation="2012-03-09T11:46:50.5500000+08:00" queuing="2012-03-09T11:46:54.3156250+08:00" start="2012-03-09T11:46:54.4093750+08:00" finish="2012-03-09T11:47:21.0500000+08:00" />
  <ResultSummary outcome="Error">
    <Counters total="1" executed="1" error="0" failed="0" timeout="0" aborted="1" inconclusive="0" passedButRunAborted="0" notRunnable="0" notExecuted="0" disconnected="0" warning="0" passed="0" completed="0" inProgress="0" pending="0" />
    <RunInfos>
      <RunInfo computerName="GAVIN-PC" outcome="Error" timestamp="2012-03-09T11:47:21.0500000+08:00">
        <Text>测试宿主进程意外退出。</Text>
      </RunInfo>
    </RunInfos>
  </ResultSummary>
  <TestDefinitions>
    <UnitTest name="OpenCloseGenericTest" storage="e:\projects\architecture\framework\genericsamples\genericsamples\bin\debug\genericsamples.dll" id="9efc9810-2ffd-932e-8347-ef6882976835">
      <Execution id="c36d1c35-1155-419a-95e8-0f410ed7f7b5" />
      <TestMethod codeBase="E:/Projects/Architecture/Framework/GenericSamples/GenericSamples/bin/Debug/GenericSamples.DLL" adapterTypeName="Microsoft.VisualStudio.TestTools.TestTypes.Unit.UnitTestAdapter, Microsoft.VisualStudio.QualityTools.Tips.UnitTest.Adapter, Version=10.0.0.0, Culture=neutral, PublicKeyToken=b03f5f7f11d50a3a" className="GenericSamples.UnitTest1, GenericSamples, Version=1.0.0.0, Culture=neutral, PublicKeyToken=null" name="OpenCloseGenericTest" />
    </UnitTest>
  </TestDefinitions>
  <TestLists>
    <TestList name="列表中未列出的结果" id="8c84fa94-04c1-424b-9868-57a2d4851a1d" />
    <TestList name="所有已加载的结果" id="19431567-8539-422a-85d7-44ee4e166bda" />
  </TestLists>
  <TestEntries>
    <TestEntry testId="9efc9810-2ffd-932e-8347-ef6882976835" executionId="c36d1c35-1155-419a-95e8-0f410ed7f7b5" testListId="8c84fa94-04c1-424b-9868-57a2d4851a1d" />
  </TestEntries>
  <Results>
    <UnitTestResult executionId="c36d1c35-1155-419a-95e8-0f410ed7f7b5" testId="9efc9810-2ffd-932e-8347-ef6882976835" testName="OpenCloseGenericTest" computerName="GAVIN-PC" duration="00:00:26.5625000" startTime="2012-03-09T11:46:54.4875000+08:00" endTime="2012-03-09T11:47:21.0500000+08:00" testType="13cdc9d9-ddb5-4fa4-a97d-d965ccfc6d4b" outcome="Aborted" testListId="8c84fa94-04c1-424b-9868-57a2d4851a1d" relativeResultsDirectory="c36d1c35-1155-419a-95e8-0f410ed7f7b5">
    </UnitTestResult>
  </Results>
</TestRun>