<?xml version="1.0" encoding="UTF-8"?>
<TestRun id="c8a00d3f-8b4f-46e3-bacd-5b85ceea3e34" name="Administrator@GAVIN-PC 2012-02-04 14:33:53" runUser="GAVIN-PC\Administrator" xmlns="http://microsoft.com/schemas/VisualStudio/TeamTest/2010">
  <TestSettings name="本地" id="715ea75e-9d9c-4961-830e-9707a848cdd5">
    <Description>这些设置为本地测试运行的默认测试设置。</Description>
    <Deployment enabled="false" runDeploymentRoot="Administrator_GAVIN-PC 2012-02-04 14_33_53">
      <DeploymentItem filename="E:\Projects\Architecture\Generic\GenericSamples\GenericLib\bin\Debug\GenericLib.dll" />
    </Deployment>
    <Execution>
      <TestTypeSpecific />
      <AgentRule name="Execution Agents">
      </AgentRule>
    </Execution>
  </TestSettings>
  <Times creation="2012-02-04T14:33:53.9375000+08:00" queuing="2012-02-04T14:33:53.9375000+08:00" start="2012-02-04T14:33:53.9531250+08:00" finish="2012-02-04T14:33:54.1250000+08:00" />
  <ResultSummary outcome="Completed">
    <Counters total="1" executed="1" passed="1" error="0" failed="0" timeout="0" aborted="0" inconclusive="0" passedButRunAborted="0" notRunnable="0" notExecuted="0" disconnected="0" warning="0" completed="0" inProgress="0" pending="0" />
  </ResultSummary>
  <TestDefinitions>
    <UnitTest name="GenericMethodTest" storage="e:\projects\architecture\generic\genericsamples\genericsamples\bin\debug\genericsamples.dll" id="07453270-b559-7b25-f2fe-5a953ac3ea12">
      <Execution id="3225b7af-a22a-42d8-ae21-dd5eceaec0c7" />
      <TestMethod codeBase="E:/Projects/Architecture/Generic/GenericSamples/GenericSamples/bin/Debug/GenericSamples.DLL" adapterTypeName="Microsoft.VisualStudio.TestTools.TestTypes.Unit.UnitTestAdapter, Microsoft.VisualStudio.QualityTools.Tips.UnitTest.Adapter, Version=10.0.0.0, Culture=neutral, PublicKeyToken=b03f5f7f11d50a3a" className="GenericSamples.UnitTest1, GenericSamples, Version=1.0.0.0, Culture=neutral, PublicKeyToken=null" name="GenericMethodTest" />
    </UnitTest>
  </TestDefinitions>
  <TestLists>
    <TestList name="列表中未列出的结果" id="8c84fa94-04c1-424b-9868-57a2d4851a1d" />
    <TestList name="所有已加载的结果" id="19431567-8539-422a-85d7-44ee4e166bda" />
  </TestLists>
  <TestEntries>
    <TestEntry testId="07453270-b559-7b25-f2fe-5a953ac3ea12" executionId="3225b7af-a22a-42d8-ae21-dd5eceaec0c7" testListId="8c84fa94-04c1-424b-9868-57a2d4851a1d" />
  </TestEntries>
  <Results>
    <UnitTestResult executionId="3225b7af-a22a-42d8-ae21-dd5eceaec0c7" testId="07453270-b559-7b25-f2fe-5a953ac3ea12" testName="GenericMethodTest" computerName="GAVIN-PC" duration="00:00:00.0139372" startTime="2012-02-04T14:33:53.9531250+08:00" endTime="2012-02-04T14:33:54.1250000+08:00" testType="13cdc9d9-ddb5-4fa4-a97d-d965ccfc6d4b" outcome="Passed" testListId="8c84fa94-04c1-424b-9868-57a2d4851a1d" relativeResultsDirectory="3225b7af-a22a-42d8-ae21-dd5eceaec0c7">
      <Output>
        <StdOut>n1 = 1, n2 = 2
n1 = 2, n2 = 1
s1 = Aidan, s2 = Kristin
s1 = Kristin, s2 = Aidan
n1 = 2, n2 = 1
n1 = 1, n2 = 2</StdOut>
      </Output>
    </UnitTestResult>
  </Results>
</TestRun>